Analysis & Synthesis report for Flak_VHDL
Tue Jun 16 23:07:08 2026
Quartus II 64-Bit Version 13.1.0 Build 162 10/23/2013 SJ Web Edition


---------------------
; Table of Contents ;
---------------------
  1. Legal Notice
  2. Analysis & Synthesis Summary
  3. Analysis & Synthesis Settings
  4. Parallel Compilation
  5. Analysis & Synthesis Source Files Read
  6. Analysis & Synthesis Resource Usage Summary
  7. Analysis & Synthesis Resource Utilization by Entity
  8. Analysis & Synthesis DSP Block Usage Summary
  9. Registers Removed During Synthesis
 10. General Register Statistics
 11. Inverted Register Statistics
 12. Multiplexer Restructuring Statistics (Restructuring Performed)
 13. Parameter Settings for User Entity Instance: DownCounter:clk_div_60hz
 14. Parameter Settings for User Entity Instance: Game_Logic:game_control|DownCounter:clk_div_60hz
 15. Parameter Settings for User Entity Instance: Game_Logic:game_control|ps2_keyboard:u_ps2
 16. Parameter Settings for User Entity Instance: Game_Logic:game_control|ps2_keyboard:u_ps2|debounce:debounce_ps2_clk
 17. Parameter Settings for User Entity Instance: Game_Logic:game_control|ps2_keyboard:u_ps2|debounce:debounce_ps2_data
 18. Parameter Settings for Inferred Entity Instance: Pixel_Renderer:render|lpm_mult:Mult0
 19. Parameter Settings for Inferred Entity Instance: Pixel_Renderer:render|lpm_mult:Mult1
 20. Parameter Settings for Inferred Entity Instance: Pixel_Renderer:render|lpm_mult:Mult2
 21. Parameter Settings for Inferred Entity Instance: Pixel_Renderer:render|lpm_mult:Mult3
 22. lpm_mult Parameter Settings by Entity Instance
 23. Port Connectivity Checks: "VGA_sync:u_VGA_sync"
 24. Port Connectivity Checks: "Game_Logic:game_control|DownCounter:clk_div_60hz"
 25. Port Connectivity Checks: "Game_Logic:game_control"
 26. Port Connectivity Checks: "DownCounter:clk_div_60hz"
 27. Elapsed Time Per Partition
 28. Analysis & Synthesis Messages



----------------
; Legal Notice ;
----------------
Copyright (C) 1991-2013 Altera Corporation
Your use of Altera Corporation's design tools, logic functions 
and other software and tools, and its AMPP partner logic 
functions, and any output files from any of the foregoing 
(including device programming or simulation files), and any 
associated documentation or information are expressly subject 
to the terms and conditions of the Altera Program License 
Subscription Agreement, Altera MegaCore Function License 
Agreement, or other applicable license agreement, including, 
without limitation, that your use is for the sole purpose of 
programming logic devices manufactured by Altera and sold by 
Altera or its authorized distributors.  Please refer to the 
applicable agreement for further details.



+---------------------------------------------------------------------------------+
; Analysis & Synthesis Summary                                                    ;
+------------------------------------+--------------------------------------------+
; Analysis & Synthesis Status        ; Successful - Tue Jun 16 23:07:08 2026      ;
; Quartus II 64-Bit Version          ; 13.1.0 Build 162 10/23/2013 SJ Web Edition ;
; Revision Name                      ; Flak_VHDL                                  ;
; Top-level Entity Name              ; Flak_VHDL                                  ;
; Family                             ; Cyclone III                                ;
; Total logic elements               ; 1,164                                      ;
;     Total combinational functions  ; 1,134                                      ;
;     Dedicated logic registers      ; 303                                        ;
; Total registers                    ; 303                                        ;
; Total pins                         ; 62                                         ;
; Total virtual pins                 ; 0                                          ;
; Total memory bits                  ; 0                                          ;
; Embedded Multiplier 9-bit elements ; 8                                          ;
; Total PLLs                         ; 0                                          ;
+------------------------------------+--------------------------------------------+


+----------------------------------------------------------------------------------------------------------------------+
; Analysis & Synthesis Settings                                                                                        ;
+----------------------------------------------------------------------------+--------------------+--------------------+
; Option                                                                     ; Setting            ; Default Value      ;
+----------------------------------------------------------------------------+--------------------+--------------------+
; Device                                                                     ; EP3C16F484C6       ;                    ;
; Top-level entity name                                                      ; Flak_VHDL          ; Flak_VHDL          ;
; Family name                                                                ; Cyclone III        ; Cyclone IV GX      ;
; Use smart compilation                                                      ; Off                ; Off                ;
; Enable parallel Assembler and TimeQuest Timing Analyzer during compilation ; On                 ; On                 ;
; Enable compact report table                                                ; Off                ; Off                ;
; Restructure Multiplexers                                                   ; Auto               ; Auto               ;
; Create Debugging Nodes for IP Cores                                        ; Off                ; Off                ;
; Preserve fewer node names                                                  ; On                 ; On                 ;
; Disable OpenCore Plus hardware evaluation                                  ; Off                ; Off                ;
; Verilog Version                                                            ; Verilog_2001       ; Verilog_2001       ;
; VHDL Version                                                               ; VHDL_1993          ; VHDL_1993          ;
; State Machine Processing                                                   ; Auto               ; Auto               ;
; Safe State Machine                                                         ; Off                ; Off                ;
; Extract Verilog State Machines                                             ; On                 ; On                 ;
; Extract VHDL State Machines                                                ; On                 ; On                 ;
; Ignore Verilog initial constructs                                          ; Off                ; Off                ;
; Iteration limit for constant Verilog loops                                 ; 5000               ; 5000               ;
; Iteration limit for non-constant Verilog loops                             ; 250                ; 250                ;
; Add Pass-Through Logic to Inferred RAMs                                    ; On                 ; On                 ;
; Infer RAMs from Raw Logic                                                  ; On                 ; On                 ;
; Parallel Synthesis                                                         ; On                 ; On                 ;
; DSP Block Balancing                                                        ; Auto               ; Auto               ;
; NOT Gate Push-Back                                                         ; On                 ; On                 ;
; Power-Up Don't Care                                                        ; On                 ; On                 ;
; Remove Redundant Logic Cells                                               ; Off                ; Off                ;
; Remove Duplicate Registers                                                 ; On                 ; On                 ;
; Ignore CARRY Buffers                                                       ; Off                ; Off                ;
; Ignore CASCADE Buffers                                                     ; Off                ; Off                ;
; Ignore GLOBAL Buffers                                                      ; Off                ; Off                ;
; Ignore ROW GLOBAL Buffers                                                  ; Off                ; Off                ;
; Ignore LCELL Buffers                                                       ; Off                ; Off                ;
; Ignore SOFT Buffers                                                        ; On                 ; On                 ;
; Limit AHDL Integers to 32 Bits                                             ; Off                ; Off                ;
; Optimization Technique                                                     ; Balanced           ; Balanced           ;
; Carry Chain Length                                                         ; 70                 ; 70                 ;
; Auto Carry Chains                                                          ; On                 ; On                 ;
; Auto Open-Drain Pins                                                       ; On                 ; On                 ;
; Perform WYSIWYG Primitive Resynthesis                                      ; Off                ; Off                ;
; Auto ROM Replacement                                                       ; On                 ; On                 ;
; Auto RAM Replacement                                                       ; On                 ; On                 ;
; Auto DSP Block Replacement                                                 ; On                 ; On                 ;
; Auto Shift Register Replacement                                            ; Auto               ; Auto               ;
; Allow Shift Register Merging across Hierarchies                            ; Auto               ; Auto               ;
; Auto Clock Enable Replacement                                              ; On                 ; On                 ;
; Strict RAM Replacement                                                     ; Off                ; Off                ;
; Allow Synchronous Control Signals                                          ; On                 ; On                 ;
; Force Use of Synchronous Clear Signals                                     ; Off                ; Off                ;
; Auto RAM Block Balancing                                                   ; On                 ; On                 ;
; Auto RAM to Logic Cell Conversion                                          ; Off                ; Off                ;
; Auto Resource Sharing                                                      ; Off                ; Off                ;
; Allow Any RAM Size For Recognition                                         ; Off                ; Off                ;
; Allow Any ROM Size For Recognition                                         ; Off                ; Off                ;
; Allow Any Shift Register Size For Recognition                              ; Off                ; Off                ;
; Use LogicLock Constraints during Resource Balancing                        ; On                 ; On                 ;
; Ignore translate_off and synthesis_off directives                          ; Off                ; Off                ;
; Timing-Driven Synthesis                                                    ; On                 ; On                 ;
; Report Parameter Settings                                                  ; On                 ; On                 ;
; Report Source Assignments                                                  ; On                 ; On                 ;
; Report Connectivity Checks                                                 ; On                 ; On                 ;
; Ignore Maximum Fan-Out Assignments                                         ; Off                ; Off                ;
; Synchronization Register Chain Length                                      ; 2                  ; 2                  ;
; PowerPlay Power Optimization                                               ; Normal compilation ; Normal compilation ;
; HDL message level                                                          ; Level2             ; Level2             ;
; Suppress Register Optimization Related Messages                            ; Off                ; Off                ;
; Number of Removed Registers Reported in Synthesis Report                   ; 5000               ; 5000               ;
; Number of Swept Nodes Reported in Synthesis Report                         ; 5000               ; 5000               ;
; Number of Inverted Registers Reported in Synthesis Report                  ; 100                ; 100                ;
; Clock MUX Protection                                                       ; On                 ; On                 ;
; Auto Gated Clock Conversion                                                ; Off                ; Off                ;
; Block Design Naming                                                        ; Auto               ; Auto               ;
; SDC constraint protection                                                  ; Off                ; Off                ;
; Synthesis Effort                                                           ; Auto               ; Auto               ;
; Shift Register Replacement - Allow Asynchronous Clear Signal               ; On                 ; On                 ;
; Pre-Mapping Resynthesis Optimization                                       ; Off                ; Off                ;
; Analysis & Synthesis Message Level                                         ; Medium             ; Medium             ;
; Disable Register Merging Across Hierarchies                                ; Auto               ; Auto               ;
; Resource Aware Inference For Block RAM                                     ; On                 ; On                 ;
; Synthesis Seed                                                             ; 1                  ; 1                  ;
+----------------------------------------------------------------------------+--------------------+--------------------+


Parallel compilation was disabled, but you have multiple processors available. Enable parallel compilation to reduce compilation time.
+-------------------------------------+
; Parallel Compilation                ;
+----------------------------+--------+
; Processors                 ; Number ;
+----------------------------+--------+
; Number detected on machine ; 16     ;
; Maximum allowed            ; 1      ;
+----------------------------+--------+


+--------------------------------------------------------------------------------------------------------------------------------------------------------------+
; Analysis & Synthesis Source Files Read                                                                                                                       ;
+----------------------------------+-----------------+------------------------------+----------------------------------------------------------------+---------+
; File Name with User-Entered Path ; Used in Netlist ; File Type                    ; File Name with Absolute Path                                   ; Library ;
+----------------------------------+-----------------+------------------------------+----------------------------------------------------------------+---------+
; Game_Logic.vhd                   ; yes             ; User VHDL File               ; C:/Users/user/Downloads/Flak_VHDL/Game_Logic.vhd               ;         ;
; Flak_VHDL.vhd                    ; yes             ; User VHDL File               ; C:/Users/user/Downloads/Flak_VHDL/Flak_VHDL.vhd                ;         ;
; Pixel_Render.vhd                 ; yes             ; User VHDL File               ; C:/Users/user/Downloads/Flak_VHDL/Pixel_Render.vhd             ;         ;
; downcounter.vhd                  ; yes             ; Auto-Found VHDL File         ; C:/Users/user/Downloads/Flak_VHDL/downcounter.vhd              ;         ;
; ps2_keyboard.vhd                 ; yes             ; Auto-Found VHDL File         ; C:/Users/user/Downloads/Flak_VHDL/ps2_keyboard.vhd             ;         ;
; debounce.vhd                     ; yes             ; Auto-Found VHDL File         ; C:/Users/user/Downloads/Flak_VHDL/debounce.vhd                 ;         ;
; vga_sync.vhd                     ; yes             ; Auto-Found VHDL File         ; C:/Users/user/Downloads/Flak_VHDL/vga_sync.vhd                 ;         ;
; seveninput.vhd                   ; yes             ; Auto-Found VHDL File         ; C:/Users/user/Downloads/Flak_VHDL/seveninput.vhd               ;         ;
; lpm_mult.tdf                     ; yes             ; Megafunction                 ; c:/altera/13.1/quartus/libraries/megafunctions/lpm_mult.tdf    ;         ;
; aglobal131.inc                   ; yes             ; Megafunction                 ; c:/altera/13.1/quartus/libraries/megafunctions/aglobal131.inc  ;         ;
; lpm_add_sub.inc                  ; yes             ; Megafunction                 ; c:/altera/13.1/quartus/libraries/megafunctions/lpm_add_sub.inc ;         ;
; multcore.inc                     ; yes             ; Megafunction                 ; c:/altera/13.1/quartus/libraries/megafunctions/multcore.inc    ;         ;
; bypassff.inc                     ; yes             ; Megafunction                 ; c:/altera/13.1/quartus/libraries/megafunctions/bypassff.inc    ;         ;
; altshift.inc                     ; yes             ; Megafunction                 ; c:/altera/13.1/quartus/libraries/megafunctions/altshift.inc    ;         ;
; db/mult_c4t.tdf                  ; yes             ; Auto-Generated Megafunction  ; C:/Users/user/Downloads/Flak_VHDL/db/mult_c4t.tdf              ;         ;
+----------------------------------+-----------------+------------------------------+----------------------------------------------------------------+---------+


+--------------------------------------------------------------+
; Analysis & Synthesis Resource Usage Summary                  ;
+---------------------------------------------+----------------+
; Resource                                    ; Usage          ;
+---------------------------------------------+----------------+
; Estimated Total logic elements              ; 1,164          ;
;                                             ;                ;
; Total combinational functions               ; 1134           ;
; Logic element usage by number of LUT inputs ;                ;
;     -- 4 input functions                    ; 342            ;
;     -- 3 input functions                    ; 297            ;
;     -- <=2 input functions                  ; 495            ;
;                                             ;                ;
; Logic elements by mode                      ;                ;
;     -- normal mode                          ; 518            ;
;     -- arithmetic mode                      ; 616            ;
;                                             ;                ;
; Total registers                             ; 303            ;
;     -- Dedicated logic registers            ; 303            ;
;     -- I/O registers                        ; 0              ;
;                                             ;                ;
; I/O pins                                    ; 62             ;
; Embedded Multiplier 9-bit elements          ; 8              ;
; Maximum fan-out node                        ; CLOCK_50~input ;
; Maximum fan-out                             ; 261            ;
; Total fan-out                               ; 4514           ;
; Average fan-out                             ; 2.88           ;
+---------------------------------------------+----------------+


+-----------------------------------------------------------------------------------------------------------------------------------------------------------------------------------------------------------------------------------------------------+
; Analysis & Synthesis Resource Utilization by Entity                                                                                                                                                                                                 ;
+---------------------------------------+-------------------+--------------+-------------+--------------+---------+-----------+------+--------------+----------------------------------------------------------------------------------+--------------+
; Compilation Hierarchy Node            ; LC Combinationals ; LC Registers ; Memory Bits ; DSP Elements ; DSP 9x9 ; DSP 18x18 ; Pins ; Virtual Pins ; Full Hierarchy Name                                                              ; Library Name ;
+---------------------------------------+-------------------+--------------+-------------+--------------+---------+-----------+------+--------------+----------------------------------------------------------------------------------+--------------+
; |Flak_VHDL                            ; 1134 (1)          ; 303 (0)      ; 0           ; 8            ; 0       ; 4         ; 62   ; 0            ; |Flak_VHDL                                                                       ; work         ;
;    |DownCounter:clk_div_60hz|         ; 37 (37)           ; 27 (27)      ; 0           ; 0            ; 0       ; 0         ; 0    ; 0            ; |Flak_VHDL|DownCounter:clk_div_60hz                                              ; work         ;
;    |Game_Logic:game_control|          ; 512 (402)         ; 245 (160)    ; 0           ; 0            ; 0       ; 0         ; 0    ; 0            ; |Flak_VHDL|Game_Logic:game_control                                               ; work         ;
;       |DownCounter:clk_div_60hz|      ; 47 (47)           ; 27 (27)      ; 0           ; 0            ; 0       ; 0         ; 0    ; 0            ; |Flak_VHDL|Game_Logic:game_control|DownCounter:clk_div_60hz                      ; work         ;
;       |ps2_keyboard:u_ps2|            ; 63 (21)           ; 58 (34)      ; 0           ; 0            ; 0       ; 0         ; 0    ; 0            ; |Flak_VHDL|Game_Logic:game_control|ps2_keyboard:u_ps2                            ; work         ;
;          |debounce:debounce_ps2_clk|  ; 21 (21)           ; 12 (12)      ; 0           ; 0            ; 0       ; 0         ; 0    ; 0            ; |Flak_VHDL|Game_Logic:game_control|ps2_keyboard:u_ps2|debounce:debounce_ps2_clk  ; work         ;
;          |debounce:debounce_ps2_data| ; 21 (21)           ; 12 (12)      ; 0           ; 0            ; 0       ; 0         ; 0    ; 0            ; |Flak_VHDL|Game_Logic:game_control|ps2_keyboard:u_ps2|debounce:debounce_ps2_data ; work         ;
;    |Pixel_Renderer:render|            ; 516 (516)         ; 11 (11)      ; 0           ; 8            ; 0       ; 4         ; 0    ; 0            ; |Flak_VHDL|Pixel_Renderer:render                                                 ; work         ;
;       |lpm_mult:Mult0|                ; 0 (0)             ; 0 (0)        ; 0           ; 2            ; 0       ; 1         ; 0    ; 0            ; |Flak_VHDL|Pixel_Renderer:render|lpm_mult:Mult0                                  ; work         ;
;          |mult_c4t:auto_generated|    ; 0 (0)             ; 0 (0)        ; 0           ; 2            ; 0       ; 1         ; 0    ; 0            ; |Flak_VHDL|Pixel_Renderer:render|lpm_mult:Mult0|mult_c4t:auto_generated          ; work         ;
;       |lpm_mult:Mult1|                ; 0 (0)             ; 0 (0)        ; 0           ; 2            ; 0       ; 1         ; 0    ; 0            ; |Flak_VHDL|Pixel_Renderer:render|lpm_mult:Mult1                                  ; work         ;
;          |mult_c4t:auto_generated|    ; 0 (0)             ; 0 (0)        ; 0           ; 2            ; 0       ; 1         ; 0    ; 0            ; |Flak_VHDL|Pixel_Renderer:render|lpm_mult:Mult1|mult_c4t:auto_generated          ; work         ;
;       |lpm_mult:Mult2|                ; 0 (0)             ; 0 (0)        ; 0           ; 2            ; 0       ; 1         ; 0    ; 0            ; |Flak_VHDL|Pixel_Renderer:render|lpm_mult:Mult2                                  ; work         ;
;          |mult_c4t:auto_generated|    ; 0 (0)             ; 0 (0)        ; 0           ; 2            ; 0       ; 1         ; 0    ; 0            ; |Flak_VHDL|Pixel_Renderer:render|lpm_mult:Mult2|mult_c4t:auto_generated          ; work         ;
;       |lpm_mult:Mult3|                ; 0 (0)             ; 0 (0)        ; 0           ; 2            ; 0       ; 1         ; 0    ; 0            ; |Flak_VHDL|Pixel_Renderer:render|lpm_mult:Mult3                                  ; work         ;
;          |mult_c4t:auto_generated|    ; 0 (0)             ; 0 (0)        ; 0           ; 2            ; 0       ; 1         ; 0    ; 0            ; |Flak_VHDL|Pixel_Renderer:render|lpm_mult:Mult3|mult_c4t:auto_generated          ; work         ;
;    |Seveninput:u_hex0|                ; 7 (7)             ; 0 (0)        ; 0           ; 0            ; 0       ; 0         ; 0    ; 0            ; |Flak_VHDL|Seveninput:u_hex0                                                     ; work         ;
;    |Seveninput:u_hex1|                ; 7 (7)             ; 0 (0)        ; 0           ; 0            ; 0       ; 0         ; 0    ; 0            ; |Flak_VHDL|Seveninput:u_hex1                                                     ; work         ;
;    |Seveninput:u_hex2|                ; 7 (7)             ; 0 (0)        ; 0           ; 0            ; 0       ; 0         ; 0    ; 0            ; |Flak_VHDL|Seveninput:u_hex2                                                     ; work         ;
;    |Seveninput:u_hex3|                ; 7 (7)             ; 0 (0)        ; 0           ; 0            ; 0       ; 0         ; 0    ; 0            ; |Flak_VHDL|Seveninput:u_hex3                                                     ; work         ;
;    |VGA_sync:u_VGA_sync|              ; 40 (40)           ; 20 (20)      ; 0           ; 0            ; 0       ; 0         ; 0    ; 0            ; |Flak_VHDL|VGA_sync:u_VGA_sync                                                   ; work         ;
+---------------------------------------+-------------------+--------------+-------------+--------------+---------+-----------+------+--------------+----------------------------------------------------------------------------------+--------------+
Note: For table entries with two numbers listed, the numbers in parentheses indicate the number of resources of the given type used by the specific entity alone. The numbers listed outside of parentheses indicate the total resources of the given type used by the specific entity and all of its sub-entities in the hierarchy.


+-----------------------------------------------------+
; Analysis & Synthesis DSP Block Usage Summary        ;
+---------------------------------------+-------------+
; Statistic                             ; Number Used ;
+---------------------------------------+-------------+
; Simple Multipliers (9-bit)            ; 0           ;
; Simple Multipliers (18-bit)           ; 4           ;
; Embedded Multiplier Blocks            ; --          ;
; Embedded Multiplier 9-bit elements    ; 8           ;
; Signed Embedded Multipliers           ; 4           ;
; Unsigned Embedded Multipliers         ; 0           ;
; Mixed Sign Embedded Multipliers       ; 0           ;
; Variable Sign Embedded Multipliers    ; 0           ;
; Dedicated Input Shift Register Chains ; 0           ;
+---------------------------------------+-------------+
Note: number of Embedded Multiplier Blocks used is only available after a successful fit.


+----------------------------------------------------------------------------------------------------+
; Registers Removed During Synthesis                                                                 ;
+------------------------------------------------+---------------------------------------------------+
; Register name                                  ; Reason for Removal                                ;
+------------------------------------------------+---------------------------------------------------+
; Pixel_Renderer:render|VGA_B[1]                 ; Stuck at GND due to stuck port data_in            ;
; Game_Logic:game_control|planex_int[0]          ; Stuck at GND due to stuck port data_in            ;
; Game_Logic:game_control|planey_int[8..31]      ; Stuck at GND due to stuck port data_in            ;
; Game_Logic:game_control|bullet_vx[5..9,11..31] ; Merged with Game_Logic:game_control|bullet_vx[10] ;
; Game_Logic:game_control|bullet_vy[5..31]       ; Merged with Game_Logic:game_control|bullet_vx[10] ;
; Game_Logic:game_control|bullet_vx[10]          ; Stuck at GND due to stuck port data_in            ;
; Total Number of Removed Registers = 80         ;                                                   ;
+------------------------------------------------+---------------------------------------------------+


+------------------------------------------------------+
; General Register Statistics                          ;
+----------------------------------------------+-------+
; Statistic                                    ; Value ;
+----------------------------------------------+-------+
; Total registers                              ; 303   ;
; Number of registers using Synchronous Clear  ; 12    ;
; Number of registers using Synchronous Load   ; 96    ;
; Number of registers using Asynchronous Clear ; 152   ;
; Number of registers using Asynchronous Load  ; 0     ;
; Number of registers using Clock Enable       ; 170   ;
; Number of registers using Preset             ; 0     ;
+----------------------------------------------+-------+


+-------------------------------------------------------+
; Inverted Register Statistics                          ;
+---------------------------------------------+---------+
; Inverted Register                           ; Fan out ;
+---------------------------------------------+---------+
; Game_Logic:game_control|planex_int[9]       ; 7       ;
; Game_Logic:game_control|planex_int[7]       ; 7       ;
; Game_Logic:game_control|ammo[1]             ; 14      ;
; Game_Logic:game_control|ammo[3]             ; 13      ;
; Game_Logic:game_control|planey_int[6]       ; 7       ;
; Game_Logic:game_control|planey_int[5]       ; 5       ;
; Game_Logic:game_control|planey_int[2]       ; 5       ;
; Game_Logic:game_control|scanner_dir         ; 5       ;
; Game_Logic:game_control|rand_counter[4]     ; 3       ;
; Game_Logic:game_control|rand_counter[3]     ; 3       ;
; Game_Logic:game_control|rand_counter[2]     ; 3       ;
; Game_Logic:game_control|rand_counter[1]     ; 3       ;
; Game_Logic:game_control|turret_angle_int[5] ; 24      ;
; Game_Logic:game_control|turret_angle_int[3] ; 25      ;
; Game_Logic:game_control|turret_angle_int[0] ; 17      ;
; Game_Logic:game_control|turret_angle_int[2] ; 23      ;
; Total number of inverted registers = 16     ;         ;
+---------------------------------------------+---------+


+---------------------------------------------------------------------------------------------------------------------------------------------------------------------------------------------------------------+
; Multiplexer Restructuring Statistics (Restructuring Performed)                                                                                                                                                ;
+--------------------+-----------+---------------+----------------------+------------------------+------------+-------------------------------------------------------------------------------------------------+
; Multiplexer Inputs ; Bus Width ; Baseline Area ; Area if Restructured ; Saving if Restructured ; Registered ; Example Multiplexer Output                                                                      ;
+--------------------+-----------+---------------+----------------------+------------------------+------------+-------------------------------------------------------------------------------------------------+
; 3:1                ; 4 bits    ; 8 LEs         ; 8 LEs                ; 0 LEs                  ; Yes        ; |Flak_VHDL|Pixel_Renderer:render|VGA_B[3]                                                       ;
; 3:1                ; 10 bits   ; 20 LEs        ; 0 LEs                ; 20 LEs                 ; Yes        ; |Flak_VHDL|Game_Logic:game_control|bullet_vy[1]                                                 ;
; 3:1                ; 29 bits   ; 58 LEs        ; 29 LEs               ; 29 LEs                 ; Yes        ; |Flak_VHDL|Game_Logic:game_control|planex_int[24]                                               ;
; 3:1                ; 12 bits   ; 24 LEs        ; 12 LEs               ; 12 LEs                 ; Yes        ; |Flak_VHDL|Game_Logic:game_control|ps2_keyboard:u_ps2|count_idle[11]                            ;
; 3:1                ; 8 bits    ; 16 LEs        ; 8 LEs                ; 8 LEs                  ; Yes        ; |Flak_VHDL|Game_Logic:game_control|ps2_keyboard:u_ps2|debounce:debounce_ps2_clk|counter_out[0]  ;
; 3:1                ; 8 bits    ; 16 LEs        ; 8 LEs                ; 8 LEs                  ; Yes        ; |Flak_VHDL|Game_Logic:game_control|ps2_keyboard:u_ps2|debounce:debounce_ps2_data|counter_out[2] ;
; 4:1                ; 3 bits    ; 6 LEs         ; 6 LEs                ; 0 LEs                  ; Yes        ; |Flak_VHDL|Pixel_Renderer:render|VGA_R[2]                                                       ;
; 4:1                ; 3 bits    ; 6 LEs         ; 6 LEs                ; 0 LEs                  ; Yes        ; |Flak_VHDL|Game_Logic:game_control|scanner_pos[1]                                               ;
; 258:1              ; 3 bits    ; 516 LEs       ; 6 LEs                ; 510 LEs                ; Yes        ; |Flak_VHDL|Game_Logic:game_control|turret_angle_int[1]                                          ;
; 10:1               ; 64 bits   ; 384 LEs       ; 64 LEs               ; 320 LEs                ; Yes        ; |Flak_VHDL|Game_Logic:game_control|bullet_x_int[3]                                              ;
; 10:1               ; 2 bits    ; 12 LEs        ; 2 LEs                ; 10 LEs                 ; Yes        ; |Flak_VHDL|Game_Logic:game_control|ammo[0]                                                      ;
; 3:1                ; 2 bits    ; 4 LEs         ; 2 LEs                ; 2 LEs                  ; Yes        ; |Flak_VHDL|Game_Logic:game_control|planex_int[9]                                                ;
; 258:1              ; 3 bits    ; 516 LEs       ; 6 LEs                ; 510 LEs                ; Yes        ; |Flak_VHDL|Game_Logic:game_control|turret_angle_int[3]                                          ;
; 10:1               ; 2 bits    ; 12 LEs        ; 2 LEs                ; 10 LEs                 ; Yes        ; |Flak_VHDL|Game_Logic:game_control|ammo[1]                                                      ;
; 3:1                ; 2 bits    ; 4 LEs         ; 4 LEs                ; 0 LEs                  ; No         ; |Flak_VHDL|Pixel_Renderer:render|VGA_R                                                          ;
+--------------------+-----------+---------------+----------------------+------------------------+------------+-------------------------------------------------------------------------------------------------+


+-----------------------------------------------------------------------+
; Parameter Settings for User Entity Instance: DownCounter:clk_div_60hz ;
+----------------+----------+-------------------------------------------+
; Parameter Name ; Value    ; Type                                      ;
+----------------+----------+-------------------------------------------+
; freq_hz        ; 25000000 ; Signed Integer                            ;
+----------------+----------+-------------------------------------------+
Note: In order to hide this table in the UI and the text report file, please set the "Show Parameter Settings in Synthesis Report" option in "Analysis and Synthesis Settings -> More Settings" to "Off".


+-----------------------------------------------------------------------------------------------+
; Parameter Settings for User Entity Instance: Game_Logic:game_control|DownCounter:clk_div_60hz ;
+----------------+-------+----------------------------------------------------------------------+
; Parameter Name ; Value ; Type                                                                 ;
+----------------+-------+----------------------------------------------------------------------+
; freq_hz        ; 60    ; Signed Integer                                                       ;
+----------------+-------+----------------------------------------------------------------------+
Note: In order to hide this table in the UI and the text report file, please set the "Show Parameter Settings in Synthesis Report" option in "Analysis and Synthesis Settings -> More Settings" to "Off".


+-----------------------------------------------------------------------------------------+
; Parameter Settings for User Entity Instance: Game_Logic:game_control|ps2_keyboard:u_ps2 ;
+-----------------------+----------+------------------------------------------------------+
; Parameter Name        ; Value    ; Type                                                 ;
+-----------------------+----------+------------------------------------------------------+
; clk_freq              ; 50000000 ; Signed Integer                                       ;
; debounce_counter_size ; 8        ; Signed Integer                                       ;
+-----------------------+----------+------------------------------------------------------+
Note: In order to hide this table in the UI and the text report file, please set the "Show Parameter Settings in Synthesis Report" option in "Analysis and Synthesis Settings -> More Settings" to "Off".


+-------------------------------------------------------------------------------------------------------------------+
; Parameter Settings for User Entity Instance: Game_Logic:game_control|ps2_keyboard:u_ps2|debounce:debounce_ps2_clk ;
+----------------+-------+------------------------------------------------------------------------------------------+
; Parameter Name ; Value ; Type                                                                                     ;
+----------------+-------+------------------------------------------------------------------------------------------+
; counter_size   ; 8     ; Signed Integer                                                                           ;
+----------------+-------+------------------------------------------------------------------------------------------+
Note: In order to hide this table in the UI and the text report file, please set the "Show Parameter Settings in Synthesis Report" option in "Analysis and Synthesis Settings -> More Settings" to "Off".


+--------------------------------------------------------------------------------------------------------------------+
; Parameter Settings for User Entity Instance: Game_Logic:game_control|ps2_keyboard:u_ps2|debounce:debounce_ps2_data ;
+----------------+-------+-------------------------------------------------------------------------------------------+
; Parameter Name ; Value ; Type                                                                                      ;
+----------------+-------+-------------------------------------------------------------------------------------------+
; counter_size   ; 8     ; Signed Integer                                                                            ;
+----------------+-------+-------------------------------------------------------------------------------------------+
Note: In order to hide this table in the UI and the text report file, please set the "Show Parameter Settings in Synthesis Report" option in "Analysis and Synthesis Settings -> More Settings" to "Off".


+---------------------------------------------------------------------------------------+
; Parameter Settings for Inferred Entity Instance: Pixel_Renderer:render|lpm_mult:Mult0 ;
+------------------------------------------------+-------------+------------------------+
; Parameter Name                                 ; Value       ; Type                   ;
+------------------------------------------------+-------------+------------------------+
; AUTO_CARRY_CHAINS                              ; ON          ; AUTO_CARRY             ;
; IGNORE_CARRY_BUFFERS                           ; OFF         ; IGNORE_CARRY           ;
; AUTO_CASCADE_CHAINS                            ; ON          ; AUTO_CASCADE           ;
; IGNORE_CASCADE_BUFFERS                         ; OFF         ; IGNORE_CASCADE         ;
; LPM_WIDTHA                                     ; 10          ; Untyped                ;
; LPM_WIDTHB                                     ; 10          ; Untyped                ;
; LPM_WIDTHP                                     ; 20          ; Untyped                ;
; LPM_WIDTHR                                     ; 20          ; Untyped                ;
; LPM_WIDTHS                                     ; 1           ; Untyped                ;
; LPM_REPRESENTATION                             ; SIGNED      ; Untyped                ;
; LPM_PIPELINE                                   ; 0           ; Untyped                ;
; LATENCY                                        ; 0           ; Untyped                ;
; INPUT_A_IS_CONSTANT                            ; NO          ; Untyped                ;
; INPUT_B_IS_CONSTANT                            ; NO          ; Untyped                ;
; USE_EAB                                        ; OFF         ; Untyped                ;
; MAXIMIZE_SPEED                                 ; 6           ; Untyped                ;
; DEVICE_FAMILY                                  ; Cyclone III ; Untyped                ;
; CARRY_CHAIN                                    ; MANUAL      ; Untyped                ;
; APEX20K_TECHNOLOGY_MAPPER                      ; LUT         ; TECH_MAPPER_APEX20K    ;
; DEDICATED_MULTIPLIER_CIRCUITRY                 ; AUTO        ; Untyped                ;
; DEDICATED_MULTIPLIER_MIN_INPUT_WIDTH_FOR_AUTO  ; 0           ; Untyped                ;
; DEDICATED_MULTIPLIER_MIN_OUTPUT_WIDTH_FOR_AUTO ; 0           ; Untyped                ;
; CBXI_PARAMETER                                 ; mult_c4t    ; Untyped                ;
; INPUT_A_FIXED_VALUE                            ; Bx          ; Untyped                ;
; INPUT_B_FIXED_VALUE                            ; Bx          ; Untyped                ;
; USE_AHDL_IMPLEMENTATION                        ; OFF         ; Untyped                ;
+------------------------------------------------+-------------+------------------------+
Note: In order to hide this table in the UI and the text report file, please set the "Show Parameter Settings in Synthesis Report" option in "Analysis and Synthesis Settings -> More Settings" to "Off".


+---------------------------------------------------------------------------------------+
; Parameter Settings for Inferred Entity Instance: Pixel_Renderer:render|lpm_mult:Mult1 ;
+------------------------------------------------+-------------+------------------------+
; Parameter Name                                 ; Value       ; Type                   ;
+------------------------------------------------+-------------+------------------------+
; AUTO_CARRY_CHAINS                              ; ON          ; AUTO_CARRY             ;
; IGNORE_CARRY_BUFFERS                           ; OFF         ; IGNORE_CARRY           ;
; AUTO_CASCADE_CHAINS                            ; ON          ; AUTO_CASCADE           ;
; IGNORE_CASCADE_BUFFERS                         ; OFF         ; IGNORE_CASCADE         ;
; LPM_WIDTHA                                     ; 10          ; Untyped                ;
; LPM_WIDTHB                                     ; 10          ; Untyped                ;
; LPM_WIDTHP                                     ; 20          ; Untyped                ;
; LPM_WIDTHR                                     ; 20          ; Untyped                ;
; LPM_WIDTHS                                     ; 1           ; Untyped                ;
; LPM_REPRESENTATION                             ; SIGNED      ; Untyped                ;
; LPM_PIPELINE                                   ; 0           ; Untyped                ;
; LATENCY                                        ; 0           ; Untyped                ;
; INPUT_A_IS_CONSTANT                            ; NO          ; Untyped                ;
; INPUT_B_IS_CONSTANT                            ; NO          ; Untyped                ;
; USE_EAB                                        ; OFF         ; Untyped                ;
; MAXIMIZE_SPEED                                 ; 6           ; Untyped                ;
; DEVICE_FAMILY                                  ; Cyclone III ; Untyped                ;
; CARRY_CHAIN                                    ; MANUAL      ; Untyped                ;
; APEX20K_TECHNOLOGY_MAPPER                      ; LUT         ; TECH_MAPPER_APEX20K    ;
; DEDICATED_MULTIPLIER_CIRCUITRY                 ; AUTO        ; Untyped                ;
; DEDICATED_MULTIPLIER_MIN_INPUT_WIDTH_FOR_AUTO  ; 0           ; Untyped                ;
; DEDICATED_MULTIPLIER_MIN_OUTPUT_WIDTH_FOR_AUTO ; 0           ; Untyped                ;
; CBXI_PARAMETER                                 ; mult_c4t    ; Untyped                ;
; INPUT_A_FIXED_VALUE                            ; Bx          ; Untyped                ;
; INPUT_B_FIXED_VALUE                            ; Bx          ; Untyped                ;
; USE_AHDL_IMPLEMENTATION                        ; OFF         ; Untyped                ;
+------------------------------------------------+-------------+------------------------+
Note: In order to hide this table in the UI and the text report file, please set the "Show Parameter Settings in Synthesis Report" option in "Analysis and Synthesis Settings -> More Settings" to "Off".


+---------------------------------------------------------------------------------------+
; Parameter Settings for Inferred Entity Instance: Pixel_Renderer:render|lpm_mult:Mult2 ;
+------------------------------------------------+-------------+------------------------+
; Parameter Name                                 ; Value       ; Type                   ;
+------------------------------------------------+-------------+------------------------+
; AUTO_CARRY_CHAINS                              ; ON          ; AUTO_CARRY             ;
; IGNORE_CARRY_BUFFERS                           ; OFF         ; IGNORE_CARRY           ;
; AUTO_CASCADE_CHAINS                            ; ON          ; AUTO_CASCADE           ;
; IGNORE_CASCADE_BUFFERS                         ; OFF         ; IGNORE_CASCADE         ;
; LPM_WIDTHA                                     ; 10          ; Untyped                ;
; LPM_WIDTHB                                     ; 10          ; Untyped                ;
; LPM_WIDTHP                                     ; 20          ; Untyped                ;
; LPM_WIDTHR                                     ; 20          ; Untyped                ;
; LPM_WIDTHS                                     ; 1           ; Untyped                ;
; LPM_REPRESENTATION                             ; SIGNED      ; Untyped                ;
; LPM_PIPELINE                                   ; 0           ; Untyped                ;
; LATENCY                                        ; 0           ; Untyped                ;
; INPUT_A_IS_CONSTANT                            ; NO          ; Untyped                ;
; INPUT_B_IS_CONSTANT                            ; NO          ; Untyped                ;
; USE_EAB                                        ; OFF         ; Untyped                ;
; MAXIMIZE_SPEED                                 ; 6           ; Untyped                ;
; DEVICE_FAMILY                                  ; Cyclone III ; Untyped                ;
; CARRY_CHAIN                                    ; MANUAL      ; Untyped                ;
; APEX20K_TECHNOLOGY_MAPPER                      ; LUT         ; TECH_MAPPER_APEX20K    ;
; DEDICATED_MULTIPLIER_CIRCUITRY                 ; AUTO        ; Untyped                ;
; DEDICATED_MULTIPLIER_MIN_INPUT_WIDTH_FOR_AUTO  ; 0           ; Untyped                ;
; DEDICATED_MULTIPLIER_MIN_OUTPUT_WIDTH_FOR_AUTO ; 0           ; Untyped                ;
; CBXI_PARAMETER                                 ; mult_c4t    ; Untyped                ;
; INPUT_A_FIXED_VALUE                            ; Bx          ; Untyped                ;
; INPUT_B_FIXED_VALUE                            ; Bx          ; Untyped                ;
; USE_AHDL_IMPLEMENTATION                        ; OFF         ; Untyped                ;
+------------------------------------------------+-------------+------------------------+
Note: In order to hide this table in the UI and the text report file, please set the "Show Parameter Settings in Synthesis Report" option in "Analysis and Synthesis Settings -> More Settings" to "Off".


+---------------------------------------------------------------------------------------+
; Parameter Settings for Inferred Entity Instance: Pixel_Renderer:render|lpm_mult:Mult3 ;
+------------------------------------------------+-------------+------------------------+
; Parameter Name                                 ; Value       ; Type                   ;
+------------------------------------------------+-------------+------------------------+
; AUTO_CARRY_CHAINS                              ; ON          ; AUTO_CARRY             ;
; IGNORE_CARRY_BUFFERS                           ; OFF         ; IGNORE_CARRY           ;
; AUTO_CASCADE_CHAINS                            ; ON          ; AUTO_CASCADE           ;
; IGNORE_CASCADE_BUFFERS                         ; OFF         ; IGNORE_CASCADE         ;
; LPM_WIDTHA                                     ; 10          ; Untyped                ;
; LPM_WIDTHB                                     ; 10          ; Untyped                ;
; LPM_WIDTHP                                     ; 20          ; Untyped                ;
; LPM_WIDTHR                                     ; 20          ; Untyped                ;
; LPM_WIDTHS                                     ; 1           ; Untyped                ;
; LPM_REPRESENTATION                             ; SIGNED      ; Untyped                ;
; LPM_PIPELINE                                   ; 0           ; Untyped                ;
; LATENCY                                        ; 0           ; Untyped                ;
; INPUT_A_IS_CONSTANT                            ; NO          ; Untyped                ;
; INPUT_B_IS_CONSTANT                            ; NO          ; Untyped                ;
; USE_EAB                                        ; OFF         ; Untyped                ;
; MAXIMIZE_SPEED                                 ; 6           ; Untyped                ;
; DEVICE_FAMILY                                  ; Cyclone III ; Untyped                ;
; CARRY_CHAIN                                    ; MANUAL      ; Untyped                ;
; APEX20K_TECHNOLOGY_MAPPER                      ; LUT         ; TECH_MAPPER_APEX20K    ;
; DEDICATED_MULTIPLIER_CIRCUITRY                 ; AUTO        ; Untyped                ;
; DEDICATED_MULTIPLIER_MIN_INPUT_WIDTH_FOR_AUTO  ; 0           ; Untyped                ;
; DEDICATED_MULTIPLIER_MIN_OUTPUT_WIDTH_FOR_AUTO ; 0           ; Untyped                ;
; CBXI_PARAMETER                                 ; mult_c4t    ; Untyped                ;
; INPUT_A_FIXED_VALUE                            ; Bx          ; Untyped                ;
; INPUT_B_FIXED_VALUE                            ; Bx          ; Untyped                ;
; USE_AHDL_IMPLEMENTATION                        ; OFF         ; Untyped                ;
+------------------------------------------------+-------------+------------------------+
Note: In order to hide this table in the UI and the text report file, please set the "Show Parameter Settings in Synthesis Report" option in "Analysis and Synthesis Settings -> More Settings" to "Off".


+------------------------------------------------------------------------------+
; lpm_mult Parameter Settings by Entity Instance                               ;
+---------------------------------------+--------------------------------------+
; Name                                  ; Value                                ;
+---------------------------------------+--------------------------------------+
; Number of entity instances            ; 4                                    ;
; Entity Instance                       ; Pixel_Renderer:render|lpm_mult:Mult0 ;
;     -- LPM_WIDTHA                     ; 10                                   ;
;     -- LPM_WIDTHB                     ; 10                                   ;
;     -- LPM_WIDTHP                     ; 20                                   ;
;     -- LPM_REPRESENTATION             ; SIGNED                               ;
;     -- INPUT_A_IS_CONSTANT            ; NO                                   ;
;     -- INPUT_B_IS_CONSTANT            ; NO                                   ;
;     -- USE_EAB                        ; OFF                                  ;
;     -- DEDICATED_MULTIPLIER_CIRCUITRY ; AUTO                                 ;
;     -- INPUT_A_FIXED_VALUE            ; Bx                                   ;
;     -- INPUT_B_FIXED_VALUE            ; Bx                                   ;
; Entity Instance                       ; Pixel_Renderer:render|lpm_mult:Mult1 ;
;     -- LPM_WIDTHA                     ; 10                                   ;
;     -- LPM_WIDTHB                     ; 10                                   ;
;     -- LPM_WIDTHP                     ; 20                                   ;
;     -- LPM_REPRESENTATION             ; SIGNED                               ;
;     -- INPUT_A_IS_CONSTANT            ; NO                                   ;
;     -- INPUT_B_IS_CONSTANT            ; NO                                   ;
;     -- USE_EAB                        ; OFF                                  ;
;     -- DEDICATED_MULTIPLIER_CIRCUITRY ; AUTO                                 ;
;     -- INPUT_A_FIXED_VALUE            ; Bx                                   ;
;     -- INPUT_B_FIXED_VALUE            ; Bx                                   ;
; Entity Instance                       ; Pixel_Renderer:render|lpm_mult:Mult2 ;
;     -- LPM_WIDTHA                     ; 10                                   ;
;     -- LPM_WIDTHB                     ; 10                                   ;
;     -- LPM_WIDTHP                     ; 20                                   ;
;     -- LPM_REPRESENTATION             ; SIGNED                               ;
;     -- INPUT_A_IS_CONSTANT            ; NO                                   ;
;     -- INPUT_B_IS_CONSTANT            ; NO                                   ;
;     -- USE_EAB                        ; OFF                                  ;
;     -- DEDICATED_MULTIPLIER_CIRCUITRY ; AUTO                                 ;
;     -- INPUT_A_FIXED_VALUE            ; Bx                                   ;
;     -- INPUT_B_FIXED_VALUE            ; Bx                                   ;
; Entity Instance                       ; Pixel_Renderer:render|lpm_mult:Mult3 ;
;     -- LPM_WIDTHA                     ; 10                                   ;
;     -- LPM_WIDTHB                     ; 10                                   ;
;     -- LPM_WIDTHP                     ; 20                                   ;
;     -- LPM_REPRESENTATION             ; SIGNED                               ;
;     -- INPUT_A_IS_CONSTANT            ; NO                                   ;
;     -- INPUT_B_IS_CONSTANT            ; NO                                   ;
;     -- USE_EAB                        ; OFF                                  ;
;     -- DEDICATED_MULTIPLIER_CIRCUITRY ; AUTO                                 ;
;     -- INPUT_A_FIXED_VALUE            ; Bx                                   ;
;     -- INPUT_B_FIXED_VALUE            ; Bx                                   ;
+---------------------------------------+--------------------------------------+


+-------------------------------------------------+
; Port Connectivity Checks: "VGA_sync:u_VGA_sync" ;
+-------+-------+----------+----------------------+
; Port  ; Type  ; Severity ; Details              ;
+-------+-------+----------+----------------------+
; reset ; Input ; Info     ; Stuck at VCC         ;
+-------+-------+----------+----------------------+


+------------------------------------------------------------------------------+
; Port Connectivity Checks: "Game_Logic:game_control|DownCounter:clk_div_60hz" ;
+-------+-------+----------+---------------------------------------------------+
; Port  ; Type  ; Severity ; Details                                           ;
+-------+-------+----------+---------------------------------------------------+
; reset ; Input ; Info     ; Stuck at VCC                                      ;
+-------+-------+----------+---------------------------------------------------+


+-------------------------------------------------------------------------------------------------------------------------------+
; Port Connectivity Checks: "Game_Logic:game_control"                                                                           ;
+---------------------+--------+----------+-------------------------------------------------------------------------------------+
; Port                ; Type   ; Severity ; Details                                                                             ;
+---------------------+--------+----------+-------------------------------------------------------------------------------------+
; turret_angle[31..7] ; Output ; Info     ; Connected to dangling logic. Logic that only feeds a dangling port will be removed. ;
+---------------------+--------+----------+-------------------------------------------------------------------------------------+


+------------------------------------------------------+
; Port Connectivity Checks: "DownCounter:clk_div_60hz" ;
+-------+-------+----------+---------------------------+
; Port  ; Type  ; Severity ; Details                   ;
+-------+-------+----------+---------------------------+
; reset ; Input ; Info     ; Stuck at VCC              ;
+-------+-------+----------+---------------------------+


+-------------------------------+
; Elapsed Time Per Partition    ;
+----------------+--------------+
; Partition Name ; Elapsed Time ;
+----------------+--------------+
; Top            ; 00:00:01     ;
+----------------+--------------+


+-------------------------------+
; Analysis & Synthesis Messages ;
+-------------------------------+
Info: *******************************************************************
Info: Running Quartus II 64-Bit Analysis & Synthesis
    Info: Version 13.1.0 Build 162 10/23/2013 SJ Web Edition
    Info: Processing started: Tue Jun 16 23:07:04 2026
Info: Command: quartus_map --read_settings_files=on --write_settings_files=off Flak_VHDL -c Flak_VHDL
Warning (20028): Parallel compilation is not licensed and has been disabled
Warning (12019): Can't analyze file -- file ../../Desktop/DigitDesign_Tips_D1349728/Pratice1/Flak_VHDL.vhd is missing
Info (12021): Found 2 design units, including 1 entities, in source file game_logic.vhd
    Info (12022): Found design unit 1: Game_Logic-a
    Info (12023): Found entity 1: Game_Logic
Info (12021): Found 2 design units, including 1 entities, in source file flak_vhdl.vhd
    Info (12022): Found design unit 1: Flak_VHDL-a
    Info (12023): Found entity 1: Flak_VHDL
Info (12021): Found 2 design units, including 1 entities, in source file pixel_render.vhd
    Info (12022): Found design unit 1: Pixel_Renderer-rtl
    Info (12023): Found entity 1: Pixel_Renderer
Info (12127): Elaborating entity "Flak_VHDL" for the top level hierarchy
Warning (12125): Using design file downcounter.vhd, which is not specified as a design file for the current project, but contains definitions for 2 design units and 1 entities in project
    Info (12022): Found design unit 1: DownCounter-DownCounterScript
    Info (12023): Found entity 1: DownCounter
Info (12128): Elaborating entity "DownCounter" for hierarchy "DownCounter:clk_div_60hz"
Info (12128): Elaborating entity "Game_Logic" for hierarchy "Game_Logic:game_control"
Info (12128): Elaborating entity "DownCounter" for hierarchy "Game_Logic:game_control|DownCounter:clk_div_60hz"
Warning (12125): Using design file ps2_keyboard.vhd, which is not specified as a design file for the current project, but contains definitions for 2 design units and 1 entities in project
    Info (12022): Found design unit 1: ps2_keyboard-logic
    Info (12023): Found entity 1: ps2_keyboard
Info (12128): Elaborating entity "ps2_keyboard" for hierarchy "Game_Logic:game_control|ps2_keyboard:u_ps2"
Warning (12125): Using design file debounce.vhd, which is not specified as a design file for the current project, but contains definitions for 2 design units and 1 entities in project
    Info (12022): Found design unit 1: debounce-logic
    Info (12023): Found entity 1: debounce
Info (12128): Elaborating entity "debounce" for hierarchy "Game_Logic:game_control|ps2_keyboard:u_ps2|debounce:debounce_ps2_clk"
Warning (12125): Using design file vga_sync.vhd, which is not specified as a design file for the current project, but contains definitions for 2 design units and 1 entities in project
    Info (12022): Found design unit 1: VGA_sync-arch
    Info (12023): Found entity 1: VGA_sync
Info (12128): Elaborating entity "VGA_sync" for hierarchy "VGA_sync:u_VGA_sync"
Info (12128): Elaborating entity "Pixel_Renderer" for hierarchy "Pixel_Renderer:render"
Warning (12125): Using design file seveninput.vhd, which is not specified as a design file for the current project, but contains definitions for 2 design units and 1 entities in project
    Info (12022): Found design unit 1: Seveninput-SevenSegDecoder
    Info (12023): Found entity 1: Seveninput
Info (12128): Elaborating entity "Seveninput" for hierarchy "Seveninput:u_hex0"
Info (278001): Inferred 4 megafunctions from design logic
    Info (278003): Inferred multiplier megafunction ("lpm_mult") from the following logic: "Pixel_Renderer:render|Mult0"
    Info (278003): Inferred multiplier megafunction ("lpm_mult") from the following logic: "Pixel_Renderer:render|Mult1"
    Info (278003): Inferred multiplier megafunction ("lpm_mult") from the following logic: "Pixel_Renderer:render|Mult2"
    Info (278003): Inferred multiplier megafunction ("lpm_mult") from the following logic: "Pixel_Renderer:render|Mult3"
Info (12130): Elaborated megafunction instantiation "Pixel_Renderer:render|lpm_mult:Mult0"
Info (12133): Instantiated megafunction "Pixel_Renderer:render|lpm_mult:Mult0" with the following parameter:
    Info (12134): Parameter "LPM_WIDTHA" = "10"
    Info (12134): Parameter "LPM_WIDTHB" = "10"
    Info (12134): Parameter "LPM_WIDTHP" = "20"
    Info (12134): Parameter "LPM_WIDTHR" = "20"
    Info (12134): Parameter "LPM_WIDTHS" = "1"
    Info (12134): Parameter "LPM_REPRESENTATION" = "SIGNED"
    Info (12134): Parameter "INPUT_A_IS_CONSTANT" = "NO"
    Info (12134): Parameter "INPUT_B_IS_CONSTANT" = "NO"
    Info (12134): Parameter "MAXIMIZE_SPEED" = "6"
Info (12021): Found 1 design units, including 1 entities, in source file db/mult_c4t.tdf
    Info (12023): Found entity 1: mult_c4t
Info (13000): Registers with preset signals will power-up high
Info (13003): DEV_CLRn pin will set, and not reset, register with preset signal due to NOT Gate Push-Back
Warning (13024): Output pins are stuck at VCC or GND
    Warning (13410): Pin "VGA_B[1]" is stuck at GND
    Warning (13410): Pin "HEX0[7]" is stuck at VCC
    Warning (13410): Pin "HEX1[7]" is stuck at VCC
    Warning (13410): Pin "HEX2[7]" is stuck at VCC
    Warning (13410): Pin "HEX3[7]" is stuck at VCC
Info (286030): Timing-Driven Synthesis is running
Info (16010): Generating hard_block partition "hard_block:auto_generated_inst"
    Info (16011): Adding 0 node(s), including 0 DDIO, 0 PLL, 0 transceiver and 0 LCELL
Warning (21074): Design contains 2 input pin(s) that do not drive logic
    Warning (15610): No output dependent on input pin "KEY[1]"
    Warning (15610): No output dependent on input pin "KEY[2]"
Info (21057): Implemented 1238 device resources after synthesis - the final resource count might be different
    Info (21058): Implemented 6 input pins
    Info (21059): Implemented 56 output pins
    Info (21061): Implemented 1168 logic cells
    Info (21062): Implemented 8 DSP elements
Info: Quartus II 64-Bit Analysis & Synthesis was successful. 0 errors, 16 warnings
    Info: Peak virtual memory: 4701 megabytes
    Info: Processing ended: Tue Jun 16 23:07:08 2026
    Info: Elapsed time: 00:00:04
    Info: Total CPU time (on all processors): 00:00:03


